<?xml version="1.0" encoding="UTF-8"?>
<!-- Generated by org.testng.reporters.JUnitReportReporter -->
<testsuite skipped="0" hostname="DESKTOP-QVTGRLD" name="com.jsonserver.JsonPathPractice" tests="1" failures="0" timestamp="2021-02-20T10:16:49 CST" time="1.438" errors="0">
  <testcase name="getBooksData" time="1.438" classname="com.jsonserver.JsonPathPractice"/>
  <system-out/>
</testsuite> <!-- com.jsonserver.JsonPathPractice -->
