<?xml version="1.0" encoding="UTF-8"?>
<!-- Generated by org.testng.reporters.JUnitReportReporter -->
<testsuite skipped="0" hostname="DESKTOP-QVTGRLD" name="com.jsonserver.CreateUsers" tests="1" failures="0" timestamp="2021-02-20T09:37:50 CST" time="0.927" errors="0">
  <testcase name="createSingleUser" time="0.927" classname="com.jsonserver.CreateUsers"/>
  <system-out/>
</testsuite> <!-- com.jsonserver.CreateUsers -->
