<?xml version="1.0" encoding="UTF-8"?>
<!-- Generated by org.testng.reporters.JUnitReportReporter -->
<testsuite skipped="0" hostname="DESKTOP-QVTGRLD" name="com.jsonserver.HTTPVERBS" tests="1" failures="0" timestamp="2021-02-15T21:07:35 CST" time="1.754" errors="0">
  <testcase name="testPathParameter" time="1.754" classname="com.jsonserver.HTTPVERBS"/>
  <system-out/>
</testsuite> <!-- com.jsonserver.HTTPVERBS -->
