<?xml version="1.0" encoding="UTF-8"?>
<!-- Generated by org.testng.reporters.JUnitReportReporter -->
<testsuite skipped="0" hostname="DESKTOP-QVTGRLD" name="serialization_deserialization.UsersAPI_TEST" tests="1" failures="0" timestamp="2021-02-20T13:34:56 CST" time="2.167" errors="0">
  <testcase name="getUser" time="2.167" classname="serialization_deserialization.UsersAPI_TEST"/>
  <system-out/>
</testsuite> <!-- serialization_deserialization.UsersAPI_TEST -->
