<?xml version="1.0" encoding="UTF-8"?>
<!-- Generated by org.testng.reporters.JUnitReportReporter -->
<testsuite skipped="0" hostname="DESKTOP-QVTGRLD" name="com.jsonserver.Students" tests="1" failures="0" timestamp="2021-02-20T10:49:00 CST" time="1.240" errors="0">
  <testcase name="getStudents" time="1.240" classname="com.jsonserver.Students"/>
  <system-out/>
</testsuite> <!-- com.jsonserver.Students -->
