<?xml version="1.0" encoding="UTF-8"?>
<!-- Generated by org.testng.reporters.JUnitReportReporter -->
<testsuite skipped="0" hostname="DESKTOP-QVTGRLD" name="com.jsonserver.BooksResourceTesting" tests="1" failures="0" timestamp="2021-02-16T21:53:07 CST" time="2.405" errors="0">
  <testcase name="createSingleBook" time="2.405" classname="com.jsonserver.BooksResourceTesting"/>
  <system-out/>
</testsuite> <!-- com.jsonserver.BooksResourceTesting -->
